2018-03-29 15:26:17.507 [error] <0.7829.0> Supervisor 'Elixir.Logger.Supervisor' had child 'Elixir.Logger.ErrorHandler' started with 'Elixir.Logger.Watcher':start_link({error_logger,'Elixir.Logger.ErrorHandler',{true,false,500}}) at <0.7834.0> exit with reason normal in context child_terminated
2018-03-29 15:26:17.559 [info] <0.33.0> Application lager started on node nonode@nohost
2018-03-29 15:26:17.567 [warning] <0.7967.0> unable to load sha NIF: {error,{bad_lib,"Library version (2.13) not compatible (with 2.12)."}}
2018-03-29 15:26:17.574 [info] <0.33.0> Application mnesia started on node nonode@nohost
2018-03-29 15:26:17.576 [info] <0.33.0> Application p1_utils started on node nonode@nohost
2018-03-29 15:26:17.577 [warning] <0.8033.0> unable to load stringprep NIF: {error,{bad_lib,"Library version (2.13) not compatible (with 2.12)."}}
2018-03-29 15:26:17.577 [error] <0.8032.0> CRASH REPORT Process <0.8032.0> with 0 neighbours exited with reason: {unable_to_load_nif,{stringprep_app,start,[normal,[]]}} in application_master:init/4 line 134
2018-03-29 15:26:17.577 [info] <0.33.0> Application stringprep exited with reason: {unable_to_load_nif,{stringprep_app,start,[normal,[]]}}
2018-03-29 15:26:17.579 [info] <0.33.0> Application p1_utils exited with reason: stopped
2018-03-29 15:26:17.579 [info] <0.33.0> Application p1_utils started on node nonode@nohost
2018-03-29 15:26:17.580 [warning] <0.8040.0> unable to load stringprep NIF: {error,{bad_lib,"Library version (2.13) not compatible (with 2.12)."}}
2018-03-29 15:26:17.580 [error] <0.8039.0> CRASH REPORT Process <0.8039.0> with 0 neighbours exited with reason: {unable_to_load_nif,{stringprep_app,start,[normal,[]]}} in application_master:init/4 line 134
2018-03-29 15:26:17.581 [info] <0.33.0> Application stringprep exited with reason: {unable_to_load_nif,{stringprep_app,start,[normal,[]]}}
2018-03-29 15:26:17.581 [info] <0.33.0> Application p1_utils exited with reason: stopped
2018-03-29 15:26:17.732 [warning] <0.8048.0> unable to load jid NIF: {error,{bad_lib,"Library version (2.13) not compatible (with 2.12)."}}
2018-03-29 15:26:17.733 [info] <0.33.0> Application p1_utils started on node nonode@nohost
2018-03-29 15:26:17.733 [warning] <0.8055.0> unable to load stringprep NIF: {error,{bad_lib,"Library version (2.13) not compatible (with 2.12)."}}
2018-03-29 15:26:17.733 [error] <0.8054.0> CRASH REPORT Process <0.8054.0> with 0 neighbours exited with reason: {unable_to_load_nif,{stringprep_app,start,[normal,[]]}} in application_master:init/4 line 134
2018-03-29 15:26:17.733 [info] <0.33.0> Application stringprep exited with reason: {unable_to_load_nif,{stringprep_app,start,[normal,[]]}}
2018-03-29 15:26:17.734 [info] <0.33.0> Application p1_utils exited with reason: stopped
2018-03-29 15:26:17.734 [warning] <0.8048.0> unable to load sha NIF: {error,{bad_lib,"Library version (2.13) not compatible (with 2.12)."}}
2018-03-29 15:26:17.736 [info] <0.8056.0>@ejabberd_mnesia:create:276 Creating Mnesia table 'acl'
2018-03-29 15:26:17.755 [info] <0.8056.0>@ejabberd_mnesia:create:276 Creating Mnesia table 'access'
2018-03-29 15:26:17.756 [error] <0.8058.0>@lists:foreach:1337 CRASH REPORT Process <0.8058.0> with 3 neighbours crashed with reason: no function clause matching lists:foreach(#Fun<acl.3.117023575>, undefined) line 1337
2018-03-29 15:26:17.769 [warning] <0.8062.0> unable to load jid NIF: {error,{bad_lib,"Library version (2.13) not compatible (with 2.12)."}}
2018-03-29 15:26:17.769 [info] <0.33.0> Application p1_utils started on node nonode@nohost
2018-03-29 15:26:17.770 [warning] <0.8071.0> unable to load stringprep NIF: {error,{bad_lib,"Library version (2.13) not compatible (with 2.12)."}}
2018-03-29 15:26:17.770 [error] <0.8070.0> CRASH REPORT Process <0.8070.0> with 0 neighbours exited with reason: {unable_to_load_nif,{stringprep_app,start,[normal,[]]}} in application_master:init/4 line 134
2018-03-29 15:26:17.770 [info] <0.33.0> Application stringprep exited with reason: {unable_to_load_nif,{stringprep_app,start,[normal,[]]}}
2018-03-29 15:26:17.770 [info] <0.33.0> Application p1_utils exited with reason: stopped
2018-03-29 15:26:17.781 [warning] <0.8075.0> unable to load jid NIF: {error,{bad_lib,"Library version (2.13) not compatible (with 2.12)."}}
2018-03-29 15:26:17.782 [info] <0.33.0> Application p1_utils started on node nonode@nohost
2018-03-29 15:26:17.782 [warning] <0.8083.0> unable to load stringprep NIF: {error,{bad_lib,"Library version (2.13) not compatible (with 2.12)."}}
2018-03-29 15:26:17.782 [error] <0.8082.0> CRASH REPORT Process <0.8082.0> with 0 neighbours exited with reason: {unable_to_load_nif,{stringprep_app,start,[normal,[]]}} in application_master:init/4 line 134
2018-03-29 15:26:17.783 [info] <0.33.0> Application stringprep exited with reason: {unable_to_load_nif,{stringprep_app,start,[normal,[]]}}
2018-03-29 15:26:17.783 [info] <0.33.0> Application p1_utils exited with reason: stopped
2018-03-29 15:26:17.831 [error] <0.8107.0>@lists:foreach:1337 CRASH REPORT Process <0.8107.0> with 3 neighbours crashed with reason: no function clause matching lists:foreach(#Fun<acl.3.117023575>, undefined) line 1337
